{"/Users/amaechichuks/Desktop/POLITICO-REACT/Politico-react/src/App.jsx": {"path":"/Users/amaechichuks/Desktop/POLITICO-REACT/Politico-react/src/App.jsx","statementMap":{"0":{"start":{"line":6,"column":4},"end":{"line":10,"column":6}}},"fnMap":{"0":{"name":"(anonymous_0)","decl":{"start":{"line":5,"column":2},"end":{"line":5,"column":3}},"loc":{"start":{"line":5,"column":11},"end":{"line":11,"column":3}},"line":5}},"branchMap":{},"s":{"0":1},"f":{"0":1},"b":{},"_coverageSchema":"43e27e138ebf9cfc5966b082cf9a028302ed4184","hash":"9a399a55e9c76fb524cd55874c92ef6a227a19bf"}
,"/Users/amaechichuks/Desktop/POLITICO-REACT/Politico-react/src/enzyme.js": {"path":"/Users/amaechichuks/Desktop/POLITICO-REACT/Politico-react/src/enzyme.js","statementMap":{"0":{"start":{"line":5,"column":0},"end":{"line":5,"column":38}}},"fnMap":{},"branchMap":{},"s":{"0":1},"f":{},"b":{},"_coverageSchema":"43e27e138ebf9cfc5966b082cf9a028302ed4184","hash":"6a9d387724b9446b95fb3688ed54ba2036224708"}
,"/Users/amaechichuks/Desktop/POLITICO-REACT/Politico-react/src/index.jsx": {"path":"/Users/amaechichuks/Desktop/POLITICO-REACT/Politico-react/src/index.jsx","statementMap":{"0":{"start":{"line":5,"column":0},"end":{"line":5,"column":57}},"1":{"start":{"line":6,"column":0},"end":{"line":6,"column":20}}},"fnMap":{},"branchMap":{},"s":{"0":0,"1":0},"f":{},"b":{},"hash":"35b3ab3374c4c0b6903ab539b8ef1e0a5f1ab137"}
,"/Users/amaechichuks/Desktop/POLITICO-REACT/Politico-react/src/components/Header/Header.jsx": {"path":"/Users/amaechichuks/Desktop/POLITICO-REACT/Politico-react/src/components/Header/Header.jsx","statementMap":{"0":{"start":{"line":4,"column":15},"end":{"line":32,"column":1}},"1":{"start":{"line":5,"column":2},"end":{"line":31,"column":4}}},"fnMap":{"0":{"name":"(anonymous_0)","decl":{"start":{"line":4,"column":15},"end":{"line":4,"column":16}},"loc":{"start":{"line":4,"column":21},"end":{"line":32,"column":1}},"line":4}},"branchMap":{},"s":{"0":0,"1":0},"f":{"0":0},"b":{},"hash":"a011a365f02748c0a2d61d859796a76dc2ba5062"}
,"/Users/amaechichuks/Desktop/POLITICO-REACT/Politico-react/src/components/LandingPage/LandingPage.jsx": {"path":"/Users/amaechichuks/Desktop/POLITICO-REACT/Politico-react/src/components/LandingPage/LandingPage.jsx","statementMap":{},"fnMap":{},"branchMap":{},"s":{},"f":{},"b":{},"hash":"0897ddcc28d364ab4a7dc5865cac334da253a41e"}
}
