{"/Users/amaechichuks/Desktop/POLITICO-REACT/Politico-react/src/enzyme.js": {"path":"/Users/amaechichuks/Desktop/POLITICO-REACT/Politico-react/src/enzyme.js","statementMap":{"0":{"start":{"line":5,"column":0},"end":{"line":5,"column":38}}},"fnMap":{},"branchMap":{},"s":{"0":1},"f":{},"b":{},"_coverageSchema":"43e27e138ebf9cfc5966b082cf9a028302ed4184","hash":"6a9d387724b9446b95fb3688ed54ba2036224708"}
,"/Users/amaechichuks/Desktop/POLITICO-REACT/Politico-react/src/index.js": {"path":"/Users/amaechichuks/Desktop/POLITICO-REACT/Politico-react/src/index.js","statementMap":{"0":{"start":{"line":6,"column":0},"end":{"line":6,"column":57}}},"fnMap":{},"branchMap":{},"s":{"0":0},"f":{},"b":{},"hash":"19cd96061dbd8145c15227b0874a2363855c40b6"}
,"/Users/amaechichuks/Desktop/POLITICO-REACT/Politico-react/src/Components/App.jsx": {"path":"/Users/amaechichuks/Desktop/POLITICO-REACT/Politico-react/src/Components/App.jsx","statementMap":{"0":{"start":{"line":7,"column":4},"end":{"line":11,"column":5}}},"fnMap":{"0":{"name":"(anonymous_0)","decl":{"start":{"line":6,"column":2},"end":{"line":6,"column":3}},"loc":{"start":{"line":6,"column":11},"end":{"line":12,"column":3}},"line":6}},"branchMap":{},"s":{"0":1},"f":{"0":1},"b":{},"_coverageSchema":"43e27e138ebf9cfc5966b082cf9a028302ed4184","hash":"bca2699fc65c3d7a42efbe89e0d232569d36883b"}
,"/Users/amaechichuks/Desktop/POLITICO-REACT/Politico-react/src/Components/Header/Header.jsx": {"path":"/Users/amaechichuks/Desktop/POLITICO-REACT/Politico-react/src/Components/Header/Header.jsx","statementMap":{"0":{"start":{"line":4,"column":15},"end":{"line":26,"column":1}},"1":{"start":{"line":5,"column":4},"end":{"line":25,"column":5}}},"fnMap":{"0":{"name":"(anonymous_0)","decl":{"start":{"line":4,"column":15},"end":{"line":4,"column":16}},"loc":{"start":{"line":4,"column":21},"end":{"line":26,"column":1}},"line":4}},"branchMap":{},"s":{"0":0,"1":0},"f":{"0":0},"b":{},"hash":"9f8286f4cb3305432684ba28f0c89e0848bf7b2e"}
,"/Users/amaechichuks/Desktop/POLITICO-REACT/Politico-react/src/Components/LandingPage/LandingPage.jsx": {"path":"/Users/amaechichuks/Desktop/POLITICO-REACT/Politico-react/src/Components/LandingPage/LandingPage.jsx","statementMap":{},"fnMap":{},"branchMap":{},"s":{},"f":{},"b":{},"hash":"99b3a54fd5fe99ad1fc3a5c1ecd1bad4b58df6f6"}
}
